<?xml version="1.0" encoding="UTF-8"?>
<!-- Generated by org.testng.reporters.JUnitXMLReporter -->
<testsuite ignored="0" hostname="JatinCodiste" failures="0" tests="3" name="Default test" time="50.471" errors="0" timestamp="2025-10-05T18:35:16 IST">
  <testcase classname="campaigntest.CreateCampaignTest" name="CreateCampaignWithExpectedCloseDate" time="12.385"/>
  <testcase classname="campaigntest.CreateCampaignTest" name="CreateCampaignWithMandatoryFields" time="12.039"/>
  <testcase classname="campaigntest.CreateCampaignTest" name="CreateCampaignWithStatus" time="12.267"/>
</testsuite> <!-- Default test -->
