<?xml version="1.0" encoding="UTF-8"?>
<!-- Generated by org.testng.reporters.JUnitXMLReporter -->
<testsuite ignored="4" hostname="JatinCodiste" failures="0" tests="4" name="Test1" time="73.742" errors="0" timestamp="2025-10-04T19:28:39 IST">
  <testcase classname="campaigntest.CreateCampaignTest" name="CreateCampaignWithExpectedCloseDate" time="11.911"/>
  <testcase classname="campaigntest.CreateCampaignTest" name="CreateCampaignWithMandatoryFields" time="11.224"/>
  <testcase classname="campaigntest.CreateCampaignTest" name="CreateCampaignWithStatus" time="11.522"/>
  <testcase classname="contacttest.CreateContactTest" name="createContactWithMandatoryFields" time="14.359"/>
  <testcase classname="baseClass.BasePage" name="@BeforeTest beforeTest" time="0.0">
    <ignored/>
  </testcase> <!-- @BeforeTest beforeTest -->
  <testcase classname="baseClass.BasePage" name="@AfterTest afterTest" time="0.0">
    <ignored/>
  </testcase> <!-- @AfterTest afterTest -->
  <testcase classname="baseClass.BasePage" name="@BeforeSuite beforeSuite" time="0.0">
    <ignored/>
  </testcase> <!-- @BeforeSuite beforeSuite -->
  <testcase classname="baseClass.BasePage" name="@AfterSuite afterSuite" time="0.0">
    <ignored/>
  </testcase> <!-- @AfterSuite afterSuite -->
</testsuite> <!-- Test1 -->
