<?xml version="1.0" encoding="UTF-8"?>
<!-- Generated by org.testng.reporters.JUnitXMLReporter -->
<testsuite ignored="6" hostname="JatinCodiste" failures="0" tests="2" name="Test" time="44.974" errors="0" timestamp="2025-10-12T08:10:25 IST">
  <testcase classname="campaigntest.CreateCampaignTest" name="CreateCampaignWithExpectedCloseDatetest" time="12.045"/>
  <testcase classname="contacttest.CreateContactTest" name="createContactWithMandatoryFieldstest" time="17.382"/>
  <testcase classname="campaigntest.CreateCampaignTest" name="CreateCampaignWithMandatoryFieldstest" time="0.0">
    <ignored/>
  </testcase> <!-- CreateCampaignWithMandatoryFieldstest -->
  <testcase classname="baseClass.BasePage" name="@AfterTest afterTest" time="0.0">
    <ignored/>
  </testcase> <!-- @AfterTest afterTest -->
  <testcase classname="campaigntest.CreateCampaignTest" name="CreateCampaignWithStatustest" time="0.0">
    <ignored/>
  </testcase> <!-- CreateCampaignWithStatustest -->
  <testcase classname="baseClass.BasePage" name="@BeforeSuite beforeSuite" time="0.0">
    <ignored/>
  </testcase> <!-- @BeforeSuite beforeSuite -->
  <testcase classname="baseClass.BasePage" name="@BeforeTest beforeTest" time="0.0">
    <ignored/>
  </testcase> <!-- @BeforeTest beforeTest -->
  <testcase classname="baseClass.BasePage" name="@AfterSuite afterSuite" time="0.0">
    <ignored/>
  </testcase> <!-- @AfterSuite afterSuite -->
</testsuite> <!-- Test -->
