<?xml version="1.0" encoding="UTF-8"?>
<testng-results ignored="2" total="4" passed="2" failed="0" skipped="0">
  <reporter-output>
  </reporter-output>
  <suite started-at="2025-10-12T08:09:40 IST" name="Suite" finished-at="2025-10-12T08:10:25 IST" duration-ms="44974">
    <groups>
      <group name="regression">
        <method signature="CreateCampaignTest.CreateCampaignWithExpectedCloseDatetest()[pri:0, instance:campaigntest.CreateCampaignTest@5bda8e08]" name="CreateCampaignWithExpectedCloseDatetest" class="campaigntest.CreateCampaignTest"/>
        <method signature="CreateContactTest.createContactWithMandatoryFieldstest()[pri:0, instance:contacttest.CreateContactTest@3b0090a4]" name="createContactWithMandatoryFieldstest" class="contacttest.CreateContactTest"/>
      </group> <!-- regression -->
      <group name="smoke">
        <method signature="CreateCampaignTest.CreateCampaignWithExpectedCloseDatetest()[pri:0, instance:campaigntest.CreateCampaignTest@5bda8e08]" name="CreateCampaignWithExpectedCloseDatetest" class="campaigntest.CreateCampaignTest"/>
        <method signature="CreateContactTest.createContactWithMandatoryFieldstest()[pri:0, instance:contacttest.CreateContactTest@3b0090a4]" name="createContactWithMandatoryFieldstest" class="contacttest.CreateContactTest"/>
      </group> <!-- smoke -->
    </groups>
    <test started-at="2025-10-12T08:09:40 IST" name="Test" finished-at="2025-10-12T08:10:25 IST" duration-ms="44974">
      <class name="contacttest.CreateContactTest">
        <test-method is-config="true" signature="beforeClass(java.lang.String)[pri:0, instance:contacttest.CreateContactTest@3b0090a4]" started-at="2025-10-12T08:10:03 IST" name="beforeClass" finished-at="2025-10-12T08:10:04 IST" duration-ms="855" status="PASS">
          <params>
            <param index="0">
              <value>
                <![CDATA[chrome]]>
              </value>
            </param>
          </params>
          <reporter-output>
          </reporter-output>
        </test-method> <!-- beforeClass -->
        <test-method is-config="true" signature="beforeMethod()[pri:0, instance:contacttest.CreateContactTest@3b0090a4]" started-at="2025-10-12T08:10:04 IST" name="beforeMethod" finished-at="2025-10-12T08:10:06 IST" duration-ms="1798" status="PASS">
          <reporter-output>
          </reporter-output>
        </test-method> <!-- beforeMethod -->
        <test-method signature="createContactWithMandatoryFieldstest()[pri:0, instance:contacttest.CreateContactTest@3b0090a4]" started-at="2025-10-12T08:10:06 IST" name="createContactWithMandatoryFieldstest" finished-at="2025-10-12T08:10:23 IST" duration-ms="17382" status="PASS">
          <reporter-output>
          </reporter-output>
        </test-method> <!-- createContactWithMandatoryFieldstest -->
        <test-method is-config="true" signature="afterMethod()[pri:0, instance:contacttest.CreateContactTest@3b0090a4]" started-at="2025-10-12T08:10:23 IST" name="afterMethod" finished-at="2025-10-12T08:10:25 IST" duration-ms="1782" status="PASS">
          <reporter-output>
          </reporter-output>
        </test-method> <!-- afterMethod -->
      </class> <!-- contacttest.CreateContactTest -->
      <class name="campaigntest.CreateCampaignTest">
        <test-method is-config="true" signature="beforeSuite()[pri:0, instance:campaigntest.CreateCampaignTest@5bda8e08]" started-at="2025-10-12T08:09:40 IST" name="beforeSuite" finished-at="2025-10-12T08:09:40 IST" duration-ms="9" status="PASS">
          <reporter-output>
          </reporter-output>
        </test-method> <!-- beforeSuite -->
        <test-method is-config="true" signature="beforeTest()[pri:0, instance:campaigntest.CreateCampaignTest@5bda8e08]" started-at="2025-10-12T08:09:40 IST" name="beforeTest" finished-at="2025-10-12T08:09:40 IST" duration-ms="0" status="PASS">
          <reporter-output>
          </reporter-output>
        </test-method> <!-- beforeTest -->
        <test-method is-config="true" signature="beforeClass(java.lang.String)[pri:0, instance:campaigntest.CreateCampaignTest@5bda8e08]" started-at="2025-10-12T08:09:40 IST" name="beforeClass" finished-at="2025-10-12T08:09:48 IST" duration-ms="8018" status="PASS">
          <params>
            <param index="0">
              <value>
                <![CDATA[chrome]]>
              </value>
            </param>
          </params>
          <reporter-output>
          </reporter-output>
        </test-method> <!-- beforeClass -->
        <test-method is-config="true" signature="beforeMethod()[pri:0, instance:campaigntest.CreateCampaignTest@5bda8e08]" started-at="2025-10-12T08:09:48 IST" name="beforeMethod" finished-at="2025-10-12T08:09:50 IST" duration-ms="1620" status="PASS">
          <reporter-output>
          </reporter-output>
        </test-method> <!-- beforeMethod -->
        <test-method signature="CreateCampaignWithExpectedCloseDatetest()[pri:0, instance:campaigntest.CreateCampaignTest@5bda8e08]" started-at="2025-10-12T08:09:50 IST" name="CreateCampaignWithExpectedCloseDatetest" finished-at="2025-10-12T08:10:02 IST" duration-ms="12045" status="PASS">
          <reporter-output>
          </reporter-output>
        </test-method> <!-- CreateCampaignWithExpectedCloseDatetest -->
        <test-method is-config="true" signature="afterMethod()[pri:0, instance:campaigntest.CreateCampaignTest@5bda8e08]" started-at="2025-10-12T08:10:02 IST" name="afterMethod" finished-at="2025-10-12T08:10:03 IST" duration-ms="1424" status="PASS">
          <reporter-output>
          </reporter-output>
        </test-method> <!-- afterMethod -->
        <test-method is-config="true" signature="afterTest()[pri:0, instance:campaigntest.CreateCampaignTest@5bda8e08]" started-at="2025-10-12T08:10:25 IST" name="afterTest" finished-at="2025-10-12T08:10:25 IST" duration-ms="0" status="PASS">
          <reporter-output>
          </reporter-output>
        </test-method> <!-- afterTest -->
        <test-method is-config="true" signature="afterSuite()[pri:0, instance:campaigntest.CreateCampaignTest@5bda8e08]" started-at="2025-10-12T08:10:25 IST" name="afterSuite" finished-at="2025-10-12T08:10:25 IST" duration-ms="0" status="PASS">
          <reporter-output>
          </reporter-output>
        </test-method> <!-- afterSuite -->
      </class> <!-- campaigntest.CreateCampaignTest -->
    </test> <!-- Test -->
  </suite> <!-- Suite -->
</testng-results>
