<?xml version="1.0" encoding="UTF-8"?>
<!-- Generated by org.testng.reporters.JUnitReportReporter -->
<testsuite hostname="JatinCodiste" failures="0" tests="3" name="testNGPractice.DependsOnTestNGMethod" time="0.013" errors="0" timestamp="2025-09-21T09:41:10 IST" skipped="0">
  <testcase classname="testNGPractice.DependsOnTestNGMethod" name="login" time="0.001"/>
  <testcase classname="testNGPractice.DependsOnTestNGMethod" name="OpenApplication" time="0.010"/>
  <testcase classname="testNGPractice.DependsOnTestNGMethod" name="Register" time="0.002"/>
</testsuite> <!-- testNGPractice.DependsOnTestNGMethod -->
