<?xml version="1.0" encoding="UTF-8"?>
<!-- Generated by org.testng.reporters.JUnitReportReporter -->
<testsuite hostname="JatinCodiste" failures="0" tests="13" name="testNGPractice.TestNG" time="31.367" errors="0" timestamp="2025-09-21T08:53:54 IST" skipped="0">
  <testcase classname="testNGPractice.TestNG" name="CreateCampaignWithStatus" time="4.640"/>
  <testcase classname="testNGPractice.TestNG" name="CreateCampaignWithStatus" time="5.233"/>
  <testcase classname="testNGPractice.TestNG" name="CreateCampaignWithStatus" time="4.551"/>
  <testcase classname="testNGPractice.TestNG" name="CreateCampaignWithStatus" time="3.242"/>
  <testcase classname="testNGPractice.TestNG" name="CreateCampaignWithMandatoryFields" time="1.282"/>
  <testcase classname="testNGPractice.TestNG" name="CreateCampaignWithMandatoryFields" time="1.322"/>
  <testcase classname="testNGPractice.TestNG" name="CreateCampaignWithMandatoryFields" time="1.078"/>
  <testcase classname="testNGPractice.TestNG" name="CreateCampaignWithMandatoryFields" time="1.031"/>
  <testcase classname="testNGPractice.TestNG" name="CreateCampaignWithCloseDate" time="1.422"/>
  <testcase classname="testNGPractice.TestNG" name="CreateCampaignWithCloseDate" time="2.147"/>
  <testcase classname="testNGPractice.TestNG" name="CreateCampaignWithCloseDate" time="1.079"/>
  <testcase classname="testNGPractice.TestNG" name="CreateCampaignWithCloseDate" time="2.048"/>
  <testcase classname="testNGPractice.TestNG" name="CreateCampaignWithCloseDate" time="2.292"/>
</testsuite> <!-- testNGPractice.TestNG -->
